<?xml version="1.0" encoding="UTF-8"?>
<!-- Generated by org.testng.reporters.JUnitXMLReporter -->
<testsuite ignored="0" hostname="Hemendra" failures="0" tests="5" name="test.CheckBox_test" time="0.016" errors="0" timestamp="2026-03-03T18:06:28 IST">
  <testcase classname="test.CheckBox_test" name="clickonElements" time="0.0">
    <skipped/>
  </testcase> <!-- clickonElements -->
  <testcase classname="test.CheckBox_test" name="clickonCheckBox" time="0.0">
    <skipped/>
  </testcase> <!-- clickonCheckBox -->
  <testcase classname="test.CheckBox_test" name="mobileCheckBoxButton" time="0.0">
    <skipped/>
  </testcase> <!-- mobileCheckBoxButton -->
  <testcase classname="test.CheckBox_test" name="LaptopCheckBoxButton" time="0.0">
    <skipped/>
  </testcase> <!-- LaptopCheckBoxButton -->
  <testcase classname="test.CheckBox_test" name="DesktopCheckBoxButton" time="0.0">
    <skipped/>
  </testcase> <!-- DesktopCheckBoxButton -->
</testsuite> <!-- test.CheckBox_test -->
