<?xml version="1.0" encoding="UTF-8"?>
<!-- Generated by org.testng.reporters.JUnitXMLReporter -->
<testsuite ignored="0" hostname="Hemendra" failures="0" tests="10" name="Chrome Tests" time="31.09" errors="0" timestamp="2026-03-07T00:04:08 IST">
  <testcase classname="test.Logintest" name="getTitle" time="0.055"/>
  <testcase classname="test.Logintest" name="clickonCloseButton" time="5.242"/>
  <testcase classname="test.Logintest" name="clickonpractice" time="3.748"/>
  <testcase classname="test.Logintest" name="clickonElements" time="0.279"/>
  <testcase classname="test.CheckBox_test" name="getLaunchtestingBaba" time="16.381"/>
  <testcase classname="test.CheckBox_test" name="clickonElements" time="0.259"/>
  <testcase classname="test.CheckBox_test" name="clickonCheckBox" time="0.544"/>
  <testcase classname="test.CheckBox_test" name="mobileCheckBoxButton" time="0.45"/>
  <testcase classname="test.CheckBox_test" name="LaptopCheckBoxButton" time="0.463"/>
  <testcase classname="test.CheckBox_test" name="DesktopCheckBoxButton" time="0.287"/>
</testsuite> <!-- Chrome Tests -->
