<?xml version="1.0" encoding="UTF-8"?>
<!-- Generated by org.testng.reporters.JUnitXMLReporter -->
<testsuite ignored="0" hostname="Hemendra" failures="0" tests="11" name="Firefox Tests" time="33.632" errors="0" timestamp="2026-03-07T00:04:42 IST">
  <testcase classname="test.RadioButton_test" name="getLaunchtestingBaba" time="9.231"/>
  <testcase classname="test.Frame_test" name="getLaunchtestingBaba" time="9.488"/>
  <testcase classname="test.Frame_test" name="clickonalertframebutton" time="0.283"/>
  <testcase classname="test.Frame_test" name="clickonframe" time="0.273"/>
  <testcase classname="test.Frame_test" name="enterinparentframe1" time="0.121"/>
  <testcase classname="test.Frame_test" name="enterinchildframe2" time="0.104"/>
  <testcase classname="test.RadioButton_test" name="clickonElements" time="2.312"/>
  <testcase classname="test.RadioButton_test" name="clickonRadioButton" time="2.248"/>
  <testcase classname="test.RadioButton_test" name="clickonYesButton" time="2.259"/>
  <testcase classname="test.RadioButton_test" name="clickonImpressiveButton" time="2.291"/>
  <testcase classname="test.RadioButton_test" name="clickonNoButton" time="2.243"/>
</testsuite> <!-- Firefox Tests -->
