<?xml version="1.0" encoding="UTF-8"?>
<testsuite xmlns:xsi="http://www.w3.org/2001/XMLSchema-instance" xsi:noNamespaceSchemaLocation="https://maven.apache.org/surefire/maven-surefire-plugin/xsd/surefire-test-report-3.0.xsd" version="3.0" name="TestSuite" time="65.784" tests="21" errors="0" skipped="0" failures="0">
  <properties>
[...]
</properties>
  <testcase name="getTitle" classname="test.Logintest" time="0.056">
    <system-out><![CDATA[...
... TestNG 7.10.0 by Cédric Beust (cedric@beust.com)
...

Setup Thread ID: 27
Setup Thread ID: 28
title=Testing Baba
Login Thread: 28
]]></system-out>
    <system-err><![CDATA[log4j:WARN No appenders could be found for logger (org.testng.TestNG).
log4j:WARN Please initialize the log4j system properly.
log4j:WARN See http://logging.apache.org/log4j/1.2/faq.html#noconfig for more info.
Mar 07, 2026 12:03:37 AM org.openqa.selenium.remote.tracing.opentelemetry.OpenTelemetryTracer createTracer
INFO: Using OpenTelemetry for tracing
]]></system-err>
  </testcase>
  <testcase name="clickonCloseButton" classname="test.Logintest" time="2.823">
    <system-out><![CDATA[Checkbox Thread: 27
]]></system-out>
  </testcase>
  <testcase name="clickonpractice" classname="test.Logintest" time="3.752"/>
  <testcase name="clickonElements" classname="test.Logintest" time="0.276"/>
  <testcase name="getLaunchtestingBaba" classname="test.CheckBox_test" time="9.801">
    <system-out><![CDATA[Browser Closed. Thread ID: 28
]]></system-out>
  </testcase>
  <testcase name="clickonElements" classname="test.CheckBox_test" time="0.26"/>
  <testcase name="clickonCheckBox" classname="test.CheckBox_test" time="0.543"/>
  <testcase name="mobileCheckBoxButton" classname="test.CheckBox_test" time="0.451">
    <system-out><![CDATA[Text: You are selected Mobile
true
]]></system-out>
  </testcase>
  <testcase name="LaptopCheckBoxButton" classname="test.CheckBox_test" time="0.463">
    <system-out><![CDATA[Text: You are Selected Laptop
true
]]></system-out>
  </testcase>
  <testcase name="DesktopCheckBoxButton" classname="test.CheckBox_test" time="0.288">
    <system-out><![CDATA[Text: You are Selected Desktop
true
]]></system-out>
  </testcase>
  <testcase name="getLaunchtestingBaba" classname="test.RadioButton_test" time="8.884">
    <system-out><![CDATA[Browser Closed. Thread ID: 27
Setup Thread ID: 39
Setup Thread ID: 40
RadioButton_page Thread: 39
Frame_page Thread: 40
]]></system-out>
  </testcase>
  <testcase name="clickonElements" classname="test.RadioButton_test" time="1.03"/>
  <testcase name="clickonRadioButton" classname="test.RadioButton_test" time="2.252"/>
  <testcase name="clickonYesButton" classname="test.RadioButton_test" time="2.257"/>
  <testcase name="clickonImpressiveButton" classname="test.RadioButton_test" time="2.291">
    <system-out><![CDATA[Browser Closed. Thread ID: 40
]]></system-out>
  </testcase>
  <testcase name="clickonNoButton" classname="test.RadioButton_test" time="2.243"/>
  <testcase name="getLaunchtestingBaba" classname="test.Frame_test" time="0.602"/>
  <testcase name="clickonalertframebutton" classname="test.Frame_test" time="0.284"/>
  <testcase name="clickonframe" classname="test.Frame_test" time="0.274"/>
  <testcase name="enterinparentframe1" classname="test.Frame_test" time="0.122">
    <system-out><![CDATA[Text This is a sample page
]]></system-out>
  </testcase>
  <testcase name="enterinchildframe2" classname="test.Frame_test" time="0.105">
    <system-out><![CDATA[Text2 This is a sample page
]]></system-out>
  </testcase>
</testsuite>