<?xml version="1.0" encoding="UTF-8"?>
<!-- Generated by org.testng.reporters.JUnitXMLReporter -->
<testsuite ignored="0" hostname="Hemendra" failures="0" tests="10" name="Chrome Tests" time="25.814" errors="0" timestamp="2026-03-06T01:13:47 IST">
  <testcase classname="test.Logintest" name="getTitle" time="0.034"/>
  <testcase classname="test.CheckBox_test" name="getLaunchtestingBaba" time="8.981"/>
  <testcase classname="test.CheckBox_test" name="clickonElements" time="0.165"/>
  <testcase classname="test.CheckBox_test" name="clickonCheckBox" time="0.203"/>
  <testcase classname="test.CheckBox_test" name="mobileCheckBoxButton" time="0.586"/>
  <testcase classname="test.CheckBox_test" name="LaptopCheckBoxButton" time="0.415"/>
  <testcase classname="test.CheckBox_test" name="DesktopCheckBoxButton" time="0.329"/>
  <testcase classname="test.Logintest" name="clickonCloseButton" time="10.613"/>
  <testcase classname="test.Logintest" name="clickonpractice" time="3.463"/>
  <testcase classname="test.Logintest" name="clickonElements" time="0.142"/>
</testsuite> <!-- Chrome Tests -->
