<?xml version="1.0" encoding="UTF-8"?>
<!-- Generated by org.testng.reporters.JUnitXMLReporter -->
<testsuite ignored="0" hostname="Hemendra" failures="0" tests="11" name="Firefox Tests" time="35.187" errors="0" timestamp="2026-03-07T00:03:06 IST">
  <testcase classname="test.Frame_test" name="getLaunchtestingBaba" time="9.382"/>
  <testcase classname="test.RadioButton_test" name="getLaunchtestingBaba" time="9.594"/>
  <testcase classname="test.Frame_test" name="clickonalertframebutton" time="0.352"/>
  <testcase classname="test.Frame_test" name="clickonframe" time="0.328"/>
  <testcase classname="test.Frame_test" name="enterinparentframe1" time="0.111"/>
  <testcase classname="test.Frame_test" name="enterinchildframe2" time="0.136"/>
  <testcase classname="test.RadioButton_test" name="clickonElements" time="2.265"/>
  <testcase classname="test.RadioButton_test" name="clickonRadioButton" time="2.253"/>
  <testcase classname="test.RadioButton_test" name="clickonYesButton" time="2.272"/>
  <testcase classname="test.RadioButton_test" name="clickonImpressiveButton" time="2.236"/>
  <testcase classname="test.RadioButton_test" name="clickonNoButton" time="2.242"/>
</testsuite> <!-- Firefox Tests -->
