<?xml version="1.0" encoding="UTF-8"?>
<!-- Generated by org.testng.reporters.JUnitXMLReporter -->
<testsuite ignored="0" hostname="Hemendra" failures="0" tests="10" name="Test" time="32.359" errors="0" timestamp="2026-03-05T23:15:23 IST">
  <testcase classname="test.Logintest" name="getTitle" time="0.053"/>
  <testcase classname="test.Logintest" name="clickonCloseButton" time="5.301"/>
  <testcase classname="test.Logintest" name="clickonpractice" time="3.742"/>
  <testcase classname="test.Logintest" name="clickonElements" time="0.292"/>
  <testcase classname="test.CheckBox_test" name="getLaunchtestingBaba" time="8.927"/>
  <testcase classname="test.CheckBox_test" name="clickonElements" time="0.337"/>
  <testcase classname="test.CheckBox_test" name="clickonCheckBox" time="0.56"/>
  <testcase classname="test.CheckBox_test" name="mobileCheckBoxButton" time="0.822"/>
  <testcase classname="test.CheckBox_test" name="LaptopCheckBoxButton" time="0.715"/>
  <testcase classname="test.CheckBox_test" name="DesktopCheckBoxButton" time="0.655"/>
</testsuite> <!-- Test -->
