<?xml version="1.0" encoding="UTF-8"?>
<testng-results ignored="0" total="21" passed="21" failed="0" skipped="0">
  <reporter-output>
  </reporter-output>
  <suite started-at="2026-03-07T00:02:31 IST" name="Testing Baba Parallel Suite" finished-at="2026-03-07T00:03:06 IST" duration-ms="35187">
    <groups>
    </groups>
    <test started-at="2026-03-07T00:02:31 IST" name="Chrome Tests" finished-at="2026-03-07T00:03:02 IST" duration-ms="31097">
      <class name="test.CheckBox_test">
        <test-method is-config="true" signature="setUp(java.lang.String)[pri:0, instance:test.CheckBox_test@7068e664]" started-at="2026-03-07T00:02:31 IST" name="setUp" finished-at="2026-03-07T00:02:39 IST" duration-ms="7691" status="PASS">
          <params>
            <param index="0">
              <value>
                <![CDATA[Chrome]]>
              </value>
            </param>
          </params>
          <reporter-output>
          </reporter-output>
        </test-method> <!-- setUp -->
        <test-method signature="getLaunchtestingBaba()[pri:0, instance:test.CheckBox_test@7068e664]" started-at="2026-03-07T00:02:39 IST" name="getLaunchtestingBaba" finished-at="2026-03-07T00:02:56 IST" duration-ms="16802" status="PASS">
          <reporter-output>
          </reporter-output>
        </test-method> <!-- getLaunchtestingBaba -->
        <test-method signature="clickonElements()[pri:1, instance:test.CheckBox_test@7068e664]" started-at="2026-03-07T00:02:56 IST" name="clickonElements" finished-at="2026-03-07T00:02:56 IST" duration-ms="171" status="PASS">
          <reporter-output>
          </reporter-output>
        </test-method> <!-- clickonElements -->
        <test-method signature="clickonCheckBox()[pri:2, instance:test.CheckBox_test@7068e664]" started-at="2026-03-07T00:02:56 IST" name="clickonCheckBox" finished-at="2026-03-07T00:02:56 IST" duration-ms="311" status="PASS">
          <reporter-output>
          </reporter-output>
        </test-method> <!-- clickonCheckBox -->
        <test-method signature="mobileCheckBoxButton()[pri:3, instance:test.CheckBox_test@7068e664]" started-at="2026-03-07T00:02:56 IST" name="mobileCheckBoxButton" finished-at="2026-03-07T00:02:57 IST" duration-ms="346" status="PASS">
          <reporter-output>
          </reporter-output>
        </test-method> <!-- mobileCheckBoxButton -->
        <test-method signature="LaptopCheckBoxButton()[pri:4, instance:test.CheckBox_test@7068e664]" started-at="2026-03-07T00:02:57 IST" name="LaptopCheckBoxButton" finished-at="2026-03-07T00:02:57 IST" duration-ms="279" status="PASS">
          <reporter-output>
          </reporter-output>
        </test-method> <!-- LaptopCheckBoxButton -->
        <test-method signature="DesktopCheckBoxButton()[pri:5, instance:test.CheckBox_test@7068e664]" started-at="2026-03-07T00:02:57 IST" name="DesktopCheckBoxButton" finished-at="2026-03-07T00:02:57 IST" duration-ms="283" status="PASS">
          <reporter-output>
          </reporter-output>
        </test-method> <!-- DesktopCheckBoxButton -->
        <test-method is-config="true" signature="tearDown()[pri:0, instance:test.CheckBox_test@7068e664]" started-at="2026-03-07T00:02:57 IST" name="tearDown" finished-at="2026-03-07T00:03:02 IST" duration-ms="5157" status="PASS">
          <reporter-output>
          </reporter-output>
        </test-method> <!-- tearDown -->
      </class> <!-- test.CheckBox_test -->
      <class name="test.Logintest">
        <test-method is-config="true" signature="setUp(java.lang.String)[pri:0, instance:test.Logintest@24959ca4]" started-at="2026-03-07T00:02:31 IST" name="setUp" finished-at="2026-03-07T00:02:36 IST" duration-ms="5125" status="PASS">
          <params>
            <param index="0">
              <value>
                <![CDATA[Chrome]]>
              </value>
            </param>
          </params>
          <reporter-output>
          </reporter-output>
        </test-method> <!-- setUp -->
        <test-method signature="getTitle()[pri:0, instance:test.Logintest@24959ca4]" started-at="2026-03-07T00:02:36 IST" name="getTitle" finished-at="2026-03-07T00:02:36 IST" duration-ms="81" status="PASS">
          <reporter-output>
          </reporter-output>
        </test-method> <!-- getTitle -->
        <test-method signature="clickonCloseButton()[pri:1, instance:test.Logintest@24959ca4]" started-at="2026-03-07T00:02:36 IST" name="clickonCloseButton" finished-at="2026-03-07T00:02:42 IST" duration-ms="5292" status="PASS">
          <reporter-output>
          </reporter-output>
        </test-method> <!-- clickonCloseButton -->
        <test-method signature="clickonpractice()[pri:2, instance:test.Logintest@24959ca4]" started-at="2026-03-07T00:02:42 IST" name="clickonpractice" finished-at="2026-03-07T00:02:46 IST" duration-ms="3846" status="PASS">
          <reporter-output>
          </reporter-output>
        </test-method> <!-- clickonpractice -->
        <test-method signature="clickonElements()[pri:3, instance:test.Logintest@24959ca4]" started-at="2026-03-07T00:02:46 IST" name="clickonElements" finished-at="2026-03-07T00:02:46 IST" duration-ms="478" status="PASS">
          <reporter-output>
          </reporter-output>
        </test-method> <!-- clickonElements -->
        <test-method is-config="true" signature="tearDown()[pri:0, instance:test.Logintest@24959ca4]" started-at="2026-03-07T00:02:46 IST" name="tearDown" finished-at="2026-03-07T00:02:51 IST" duration-ms="5108" status="PASS">
          <reporter-output>
          </reporter-output>
        </test-method> <!-- tearDown -->
      </class> <!-- test.Logintest -->
    </test> <!-- Chrome Tests -->
    <test started-at="2026-03-07T00:02:31 IST" name="Firefox Tests" finished-at="2026-03-07T00:03:06 IST" duration-ms="35187">
      <class name="test.Frame_test">
        <test-method is-config="true" signature="setUp(java.lang.String)[pri:0, instance:test.Frame_test@35a3d49f]" started-at="2026-03-07T00:02:31 IST" name="setUp" finished-at="2026-03-07T00:02:40 IST" duration-ms="8459" status="PASS">
          <params>
            <param index="0">
              <value>
                <![CDATA[Firefox]]>
              </value>
            </param>
          </params>
          <reporter-output>
          </reporter-output>
        </test-method> <!-- setUp -->
        <test-method signature="getLaunchtestingBaba()[pri:0, instance:test.Frame_test@35a3d49f]" started-at="2026-03-07T00:02:40 IST" name="getLaunchtestingBaba" finished-at="2026-03-07T00:02:49 IST" duration-ms="9382" status="PASS">
          <reporter-output>
          </reporter-output>
        </test-method> <!-- getLaunchtestingBaba -->
        <test-method signature="clickonalertframebutton()[pri:1, instance:test.Frame_test@35a3d49f]" started-at="2026-03-07T00:02:49 IST" name="clickonalertframebutton" finished-at="2026-03-07T00:02:49 IST" duration-ms="352" status="PASS">
          <reporter-output>
          </reporter-output>
        </test-method> <!-- clickonalertframebutton -->
        <test-method signature="clickonframe()[pri:2, instance:test.Frame_test@35a3d49f]" started-at="2026-03-07T00:02:49 IST" name="clickonframe" finished-at="2026-03-07T00:02:50 IST" duration-ms="328" status="PASS">
          <reporter-output>
          </reporter-output>
        </test-method> <!-- clickonframe -->
        <test-method signature="enterinparentframe1()[pri:3, instance:test.Frame_test@35a3d49f]" started-at="2026-03-07T00:02:50 IST" name="enterinparentframe1" finished-at="2026-03-07T00:02:50 IST" duration-ms="111" status="PASS">
          <reporter-output>
          </reporter-output>
        </test-method> <!-- enterinparentframe1 -->
        <test-method signature="enterinchildframe2()[pri:4, instance:test.Frame_test@35a3d49f]" started-at="2026-03-07T00:02:50 IST" name="enterinchildframe2" finished-at="2026-03-07T00:02:50 IST" duration-ms="136" status="PASS">
          <reporter-output>
          </reporter-output>
        </test-method> <!-- enterinchildframe2 -->
        <test-method is-config="true" signature="tearDown()[pri:0, instance:test.Frame_test@35a3d49f]" started-at="2026-03-07T00:02:50 IST" name="tearDown" finished-at="2026-03-07T00:02:56 IST" duration-ms="5986" status="PASS">
          <reporter-output>
          </reporter-output>
        </test-method> <!-- tearDown -->
      </class> <!-- test.Frame_test -->
      <class name="test.RadioButton_test">
        <test-method is-config="true" signature="setUp(java.lang.String)[pri:0, instance:test.RadioButton_test@7905a0b8]" started-at="2026-03-07T00:02:31 IST" name="setUp" finished-at="2026-03-07T00:02:40 IST" duration-ms="8324" status="PASS">
          <params>
            <param index="0">
              <value>
                <![CDATA[Firefox]]>
              </value>
            </param>
          </params>
          <reporter-output>
          </reporter-output>
        </test-method> <!-- setUp -->
        <test-method signature="getLaunchtestingBaba()[pri:0, instance:test.RadioButton_test@7905a0b8]" started-at="2026-03-07T00:02:40 IST" name="getLaunchtestingBaba" finished-at="2026-03-07T00:02:49 IST" duration-ms="9594" status="PASS">
          <reporter-output>
          </reporter-output>
        </test-method> <!-- getLaunchtestingBaba -->
        <test-method signature="clickonElements()[pri:1, instance:test.RadioButton_test@7905a0b8]" started-at="2026-03-07T00:02:49 IST" name="clickonElements" finished-at="2026-03-07T00:02:51 IST" duration-ms="2265" status="PASS">
          <reporter-output>
          </reporter-output>
        </test-method> <!-- clickonElements -->
        <test-method signature="clickonRadioButton()[pri:2, instance:test.RadioButton_test@7905a0b8]" started-at="2026-03-07T00:02:51 IST" name="clickonRadioButton" finished-at="2026-03-07T00:02:54 IST" duration-ms="2253" status="PASS">
          <reporter-output>
          </reporter-output>
        </test-method> <!-- clickonRadioButton -->
        <test-method signature="clickonYesButton()[pri:3, instance:test.RadioButton_test@7905a0b8]" started-at="2026-03-07T00:02:54 IST" name="clickonYesButton" finished-at="2026-03-07T00:02:56 IST" duration-ms="2272" status="PASS">
          <reporter-output>
          </reporter-output>
        </test-method> <!-- clickonYesButton -->
        <test-method signature="clickonImpressiveButton()[pri:4, instance:test.RadioButton_test@7905a0b8]" started-at="2026-03-07T00:02:56 IST" name="clickonImpressiveButton" finished-at="2026-03-07T00:02:58 IST" duration-ms="2236" status="PASS">
          <reporter-output>
          </reporter-output>
        </test-method> <!-- clickonImpressiveButton -->
        <test-method signature="clickonNoButton()[pri:5, instance:test.RadioButton_test@7905a0b8]" started-at="2026-03-07T00:02:58 IST" name="clickonNoButton" finished-at="2026-03-07T00:03:00 IST" duration-ms="2242" status="PASS">
          <reporter-output>
          </reporter-output>
        </test-method> <!-- clickonNoButton -->
        <test-method is-config="true" signature="tearDown()[pri:0, instance:test.RadioButton_test@7905a0b8]" started-at="2026-03-07T00:03:00 IST" name="tearDown" finished-at="2026-03-07T00:03:06 IST" duration-ms="5949" status="PASS">
          <reporter-output>
          </reporter-output>
        </test-method> <!-- tearDown -->
      </class> <!-- test.RadioButton_test -->
    </test> <!-- Firefox Tests -->
  </suite> <!-- Testing Baba Parallel Suite -->
</testng-results>
