<?xml version="1.0" encoding="UTF-8"?>
<!-- Generated by org.testng.reporters.JUnitReportReporter -->
<testsuite hostname="Hemendra" failures="0" tests="4" name="test.Logintest" time="14.252" errors="0" timestamp="2026-03-06T01:13:54 IST" skipped="0">
  <testcase classname="test.Logintest" name="getTitle" time="0.034"/>
  <testcase classname="test.Logintest" name="clickonCloseButton" time="10.613"/>
  <testcase classname="test.Logintest" name="clickonpractice" time="3.463"/>
  <testcase classname="test.Logintest" name="clickonElements" time="0.142"/>
</testsuite> <!-- test.Logintest -->
