<?xml version="1.0" encoding="UTF-8"?>
<!-- Generated by org.testng.reporters.JUnitReportReporter -->
<testsuite hostname="Hemendra" failures="0" tests="6" name="test.RadioButton_test" time="20.130" errors="0" timestamp="2026-03-06T01:13:54 IST" skipped="0">
  <testcase classname="test.RadioButton_test" name="getLaunchtestingBaba" time="8.716"/>
  <testcase classname="test.RadioButton_test" name="clickonElements" time="2.296"/>
  <testcase classname="test.RadioButton_test" name="clickonRadioButton" time="2.294"/>
  <testcase classname="test.RadioButton_test" name="clickonYesButton" time="2.288"/>
  <testcase classname="test.RadioButton_test" name="clickonImpressiveButton" time="2.276"/>
  <testcase classname="test.RadioButton_test" name="clickonNoButton" time="2.260"/>
</testsuite> <!-- test.RadioButton_test -->
