<?xml version="1.0" encoding="UTF-8"?>
<!-- Generated by org.testng.reporters.JUnitReportReporter -->
<testsuite hostname="Hemendra" failures="0" tests="5" name="test.Frame_test" time="10.309" errors="0" timestamp="2026-03-07T00:03:07 IST" skipped="0">
  <testcase classname="test.Frame_test" name="getLaunchtestingBaba" time="9.382"/>
  <testcase classname="test.Frame_test" name="clickonalertframebutton" time="0.352"/>
  <testcase classname="test.Frame_test" name="clickonframe" time="0.328"/>
  <testcase classname="test.Frame_test" name="enterinparentframe1" time="0.111"/>
  <testcase classname="test.Frame_test" name="enterinchildframe2" time="0.136"/>
</testsuite> <!-- test.Frame_test -->
