<?xml version="1.0" encoding="UTF-8"?>
<!-- Generated by org.testng.reporters.JUnitReportReporter -->
<testsuite hostname="Hemendra" failures="0" tests="6" name="test.RadioButton_test" time="20.862" errors="0" timestamp="2026-03-07T00:03:07 IST" skipped="0">
  <testcase classname="test.RadioButton_test" name="getLaunchtestingBaba" time="9.594"/>
  <testcase classname="test.RadioButton_test" name="clickonElements" time="2.265"/>
  <testcase classname="test.RadioButton_test" name="clickonRadioButton" time="2.253"/>
  <testcase classname="test.RadioButton_test" name="clickonYesButton" time="2.272"/>
  <testcase classname="test.RadioButton_test" name="clickonImpressiveButton" time="2.236"/>
  <testcase classname="test.RadioButton_test" name="clickonNoButton" time="2.242"/>
</testsuite> <!-- test.RadioButton_test -->
