<?xml version="1.0" encoding="UTF-8"?>
<!-- Generated by org.testng.reporters.JUnitReportReporter -->
<testsuite hostname="Hemendra" failures="0" tests="4" name="test.Logintest" time="9.697" errors="0" timestamp="2026-03-07T00:03:07 IST" skipped="0">
  <testcase classname="test.Logintest" name="getTitle" time="0.081"/>
  <testcase classname="test.Logintest" name="clickonCloseButton" time="5.292"/>
  <testcase classname="test.Logintest" name="clickonpractice" time="3.846"/>
  <testcase classname="test.Logintest" name="clickonElements" time="0.478"/>
</testsuite> <!-- test.Logintest -->
