<?xml version="1.0" encoding="UTF-8"?>
<!-- Generated by org.testng.reporters.JUnitReportReporter -->
<testsuite hostname="Hemendra" failures="0" tests="6" name="test.CheckBox_test" time="18.192" errors="0" timestamp="2026-03-07T00:03:07 IST" skipped="0">
  <testcase classname="test.CheckBox_test" name="getLaunchtestingBaba" time="16.802"/>
  <testcase classname="test.CheckBox_test" name="clickonElements" time="0.171"/>
  <testcase classname="test.CheckBox_test" name="clickonCheckBox" time="0.311"/>
  <testcase classname="test.CheckBox_test" name="mobileCheckBoxButton" time="0.346"/>
  <testcase classname="test.CheckBox_test" name="LaptopCheckBoxButton" time="0.279"/>
  <testcase classname="test.CheckBox_test" name="DesktopCheckBoxButton" time="0.283"/>
</testsuite> <!-- test.CheckBox_test -->
