<?xml version="1.0" encoding="UTF-8"?>
<!-- Generated by org.testng.reporters.JUnitReportReporter -->
<testsuite hostname="Hemendra" failures="0" tests="5" name="test.Frame_test" time="10.269" errors="0" timestamp="2026-03-07T00:04:42 IST" skipped="0">
  <testcase classname="test.Frame_test" name="getLaunchtestingBaba" time="9.488"/>
  <testcase classname="test.Frame_test" name="clickonalertframebutton" time="0.283"/>
  <testcase classname="test.Frame_test" name="clickonframe" time="0.273"/>
  <testcase classname="test.Frame_test" name="enterinparentframe1" time="0.121"/>
  <testcase classname="test.Frame_test" name="enterinchildframe2" time="0.104"/>
</testsuite> <!-- test.Frame_test -->
