<?xml version="1.0" encoding="UTF-8"?>
<!-- Generated by org.testng.reporters.JUnitReportReporter -->
<testsuite hostname="Hemendra" failures="0" tests="6" name="test.RadioButton_test" time="20.584" errors="0" timestamp="2026-03-07T00:04:42 IST" skipped="0">
  <testcase classname="test.RadioButton_test" name="getLaunchtestingBaba" time="9.231"/>
  <testcase classname="test.RadioButton_test" name="clickonElements" time="2.312"/>
  <testcase classname="test.RadioButton_test" name="clickonRadioButton" time="2.248"/>
  <testcase classname="test.RadioButton_test" name="clickonYesButton" time="2.259"/>
  <testcase classname="test.RadioButton_test" name="clickonImpressiveButton" time="2.291"/>
  <testcase classname="test.RadioButton_test" name="clickonNoButton" time="2.243"/>
</testsuite> <!-- test.RadioButton_test -->
