<?xml version="1.0" encoding="UTF-8"?>
<!-- Generated by org.testng.reporters.JUnitReportReporter -->
<testsuite hostname="Hemendra" failures="0" tests="6" name="test.CheckBox_test" time="18.384" errors="0" timestamp="2026-03-07T00:04:42 IST" skipped="0">
  <testcase classname="test.CheckBox_test" name="getLaunchtestingBaba" time="16.381"/>
  <testcase classname="test.CheckBox_test" name="clickonElements" time="0.259"/>
  <testcase classname="test.CheckBox_test" name="clickonCheckBox" time="0.544"/>
  <testcase classname="test.CheckBox_test" name="mobileCheckBoxButton" time="0.450"/>
  <testcase classname="test.CheckBox_test" name="LaptopCheckBoxButton" time="0.463"/>
  <testcase classname="test.CheckBox_test" name="DesktopCheckBoxButton" time="0.287"/>
</testsuite> <!-- test.CheckBox_test -->
