<?xml version="1.0" encoding="UTF-8"?>
<!-- Generated by org.testng.reporters.JUnitReportReporter -->
<testsuite hostname="Hemendra" failures="0" tests="4" name="test.Logintest" time="9.324" errors="0" timestamp="2026-03-07T00:04:42 IST" skipped="0">
  <testcase classname="test.Logintest" name="getTitle" time="0.055"/>
  <testcase classname="test.Logintest" name="clickonCloseButton" time="5.242"/>
  <testcase classname="test.Logintest" name="clickonpractice" time="3.748"/>
  <testcase classname="test.Logintest" name="clickonElements" time="0.279"/>
</testsuite> <!-- test.Logintest -->
